<?xml version="1.0" encoding="UTF-8"?>
<!-- Generated by org.testng.reporters.JUnitReportReporter -->
<testsuite skipped="0" hostname="Mohannas-MBP.home" name="com.qa.hotels.tests.HomePageTest" tests="2" failures="0" timestamp="2020-07-31T23:52:39 EDT" time="5.024" errors="0">
  <testcase name="verifyHomePageTitleTest" time="5.023" classname="com.qa.hotels.tests.HomePageTest"/>
  <system-out/>
  <testcase name="verifyfillInformationTest" time="0.001" classname="com.qa.hotels.tests.HomePageTest"/>
  <system-out/>
</testsuite> <!-- com.qa.hotels.tests.HomePageTest -->
